<?xml version='1.0' encoding='UTF-8'?>
<testsuite hostname="DESKTOP-6BGT00P" name="index.SingleThreadSpec" tests="1" errors="0" failures="0" skipped="0" time="1.149" timestamp="2020-02-11T18:06:07">
                     <properties>
      <property name="java.specification.version" value="13"/><property name="sun.cpu.isalist" value="amd64"/><property name="sun.jnu.encoding" value="Cp1252"/><property name="sun.arch.data.model" value="64"/><property name="java.vendor.url" value="https://java.oracle.com/"/><property name="sun.boot.library.path" value="C:\Program Files\Java\jdk-13.0.2\bin"/><property name="sun.java.command" value="xsbt.boot.Boot test"/><property name="jdk.debug" value="release"/><property name="sun.stderr.encoding" value="cp437"/><property name="java.specification.vendor" value="Oracle Corporation"/><property name="java.version.date" value="2020-01-14"/><property name="java.home" value="C:\Program Files\Java\jdk-13.0.2"/><property name="file.separator" value="\"/><property name="java.vm.compressedOopsMode" value="32-bit"/><property name="line.separator" value="
"/><property name="sun.stdout.encoding" value="cp437"/><property name="java.vm.specification.vendor" value="Oracle Corporation"/><property name="java.specification.name" value="Java Platform API Specification"/><property name="user.script" value=""/><property name="sun.management.compiler" value="HotSpot 64-Bit Tiered Compilers"/><property name="java.runtime.version" value="13.0.2+8"/><property name="user.name" value="lucas"/><property name="log4j.ignoreTCL" value="true"/><property name="file.encoding" value="UTF-8"/><property name="java.io.tmpdir" value="D:\Users\lucas\AppData\Local\Temp\"/><property name="java.version" value="13.0.2"/><property name="java.vm.specification.name" value="Java Virtual Machine Specification"/><property name="sun.os.patch.level" value=""/><property name="java.library.path" value="C:\Program Files\Java\jdk-13.0.2\bin;C:\Windows\Sun\Java\bin;C:\Windows\system32;C:\Windows;C:\Python27\;C:\Python27\Scripts;C:\Windows\system32;C:\Windows;C:\Windows\System32\Wbem;C:\Windows\System32\WindowsPowerShell\v1.0\;C:\Windows\System32\OpenSSH\;C:\Program Files\dotnet\;C:\Program Files\Microsoft SQL Server\130\Tools\Binn\;C:\Program Files\Microsoft SQL Server\Client SDK\ODBC\170\Tools\Binn\;C:\Program Files\Java\jdk-13.0.2\bin;C:\cygwin64\bin;C:\Program Files (x86)\scala\bin;C:\Program Files (x86)\sbt\bin;C:\Go\bin;C:\Program Files\Git\cmd;C:\Program Files\nodejs\;C:\ProgramData\chocolatey\bin;;C:\Program Files\Docker\Docker\resources\bin;C:\ProgramData\DockerDesktop\version-bin;D:\Users\lucas\.cargo\bin;D:\Users\lucas\AppData\Local\Microsoft\WindowsApps;D:\Users\lucas\go\bin;D:\Users\lucas\AppData\Roaming\npm;."/><property name="java.vendor" value="Oracle Corporation"/><property name="scala.ext.dirs" value="D:\Users\lucas\.sbt\0.13\java9-rt-ext-oracle_corporation_13_0_2"/><property name="sun.io.unicode.encoding" value="UnicodeLittle"/><property name="java.class.path" value="C:\Program Files (x86)\sbt\\bin\sbt-launch.jar"/><property name="java.vm.vendor" value="Oracle Corporation"/><property name="user.variant" value=""/><property name="jline.shutdownhook" value="false"/><property name="user.timezone" value="America/Sao_Paulo"/><property name="java.vm.specification.version" value="13"/><property name="os.name" value="Windows 10"/><property name="sun.java.launcher" value="SUN_STANDARD"/><property name="user.country" value="US"/><property name="sun.cpu.endian" value="little"/><property name="user.home" value="D:\Users\lucas"/><property name="user.language" value="en"/><property name="swoval.tmpdir" value="D:\Users\lucas\.sbt\1.0"/><property name="jline.esc.timeout" value="0"/><property name="path.separator" value=";"/><property name="os.version" value="10.0"/><property name="jna.nosys" value="true"/><property name="java.runtime.name" value="Java(TM) SE Runtime Environment"/><property name="java.vm.name" value="Java HotSpot(TM) 64-Bit Server VM"/><property name="java.vendor.url.bug" value="https://bugreport.java.com/bugreport/"/><property name="user.dir" value="D:\Users\lucas\factdb\index"/><property name="os.arch" value="amd64"/><property name="java.vm.info" value="mixed mode, sharing"/><property name="java.vm.version" value="13.0.2+8"/><property name="java.class.version" value="57.0"/>
    </properties>
                     <testcase classname="index.SingleThreadSpec" name="index data must be equal to list data" time="1.149">
                                                 
                                               </testcase>
                     <system-out><![CDATA[]]></system-out>
                     <system-err><![CDATA[]]></system-err>
                   </testsuite>